<?xml version="1.0" encoding="UTF-8"?>
<!-- Generated by org.testng.reporters.JUnitReportReporter -->
<testsuite skipped="0" hostname="192.168.1.101" name="com.restassured.productTest.AdTest" tests="2" failures="0" timestamp="2020-09-11T09:33:27 IST" time="15.333" errors="0">
  <testcase name="AddFormInValidResponse" time="8.690" classname="com.restassured.productTest.AdTest"/>
  <system-out/>
  <testcase name="AddFormValidResponse" time="6.643" classname="com.restassured.productTest.AdTest"/>
  <system-out/>
</testsuite> <!-- com.restassured.productTest.AdTest -->
